SF:/home/fernando/source/repos/PII_Ejercicio_Debug_Test/src/Library/Phrase.cs
FN:31,System.Void WordsPhrases.Phrase::AddWord(WordsPhrases.Word)
FNDA:1,System.Void WordsPhrases.Phrase::AddWord(WordsPhrases.Word)
DA:32,1
DA:33,1
DA:34,1
FN:40,System.Void WordsPhrases.Phrase::RemoveWord(WordsPhrases.Word)
FNDA:1,System.Void WordsPhrases.Phrase::RemoveWord(WordsPhrases.Word)
DA:41,1
DA:42,1
DA:43,1
FN:49,System.String WordsPhrases.Phrase::GetPhrase()
FNDA:0,System.String WordsPhrases.Phrase::GetPhrase()
DA:50,0
DA:51,0
DA:53,0
DA:54,0
DA:55,0
DA:56,0
DA:57,0
DA:59,0
DA:63,0
DA:64,0
BRDA:53,67,1,0
BRDA:53,67,0,0
FN:21,System.Void WordsPhrases.Phrase::.ctor()
FNDA:1,System.Void WordsPhrases.Phrase::.ctor()
DA:22,1
DA:23,1
DA:24,1
DA:25,1
LF:20
LH:10
BRF:2
BRH:0
FNF:4
FNH:3
end_of_record
SF:/home/fernando/source/repos/PII_Ejercicio_Debug_Test/src/Library/Word.cs
FN:31,System.String WordsPhrases.Word::get_Text()
FNDA:2,System.String WordsPhrases.Word::get_Text()
DA:32,2
DA:33,2
DA:34,2
FN:36,System.Void WordsPhrases.Word::set_Text(System.String)
FNDA:4,System.Void WordsPhrases.Word::set_Text(System.String)
DA:37,4
DA:38,4
DA:39,4
FN:18,System.Void WordsPhrases.Word::.ctor(System.String)
FNDA:3,System.Void WordsPhrases.Word::.ctor(System.String)
DA:19,3
DA:20,3
DA:21,3
DA:22,3
LF:10
LH:10
BRF:0
BRH:0
FNF:3
FNH:3
end_of_record